<?xml version="1.0" encoding="UTF-8"?>
<!-- Generated by org.testng.reporters.JUnitXMLReporter -->
<testsuite ignored="6" hostname="LAPTOP-OHJTUH5R" failures="0" tests="4" name="RedBusTicket" time="65.38" errors="0" timestamp="2023-11-19T22:09:30 IST">
  <testcase classname="in.redbus.testpages.NavigateTest" name="clickOnAccount" time="4.12"/>
  <testcase classname="in.redbus.testpages.NavigateTest" name="clickOncabrental" time="8.809"/>
  <testcase classname="in.redbus.testpages.AccountPageTest" name="clickOnSignUpPage" time="12.242"/>
  <testcase classname="in.redbus.testpages.BookBusTicketTest" name="SearchBus" time="5.708"/>
  <testcase classname="in.redbus.base.TestBase" name="@BeforeSuite InitalizeExtentReport" time="0.0">
    <ignored/>
  </testcase> <!-- @BeforeSuite InitalizeExtentReport -->
  <testcase classname="in.redbus.base.TestBase" name="@AfterSuite generateReports" time="0.0">
    <ignored/>
  </testcase> <!-- @AfterSuite generateReports -->
  <testcase classname="in.redbus.base.TestBase" name="@BeforeTest getnameMethod" time="0.0">
    <ignored/>
  </testcase> <!-- @BeforeTest getnameMethod -->
  <testcase classname="in.redbus.base.TestBase" name="@BeforeSuite InitalizeExtentReport" time="0.0">
    <ignored/>
  </testcase> <!-- @BeforeSuite InitalizeExtentReport -->
  <testcase classname="in.redbus.base.TestBase" name="@BeforeTest getnameMethod" time="0.0">
    <ignored/>
  </testcase> <!-- @BeforeTest getnameMethod -->
  <testcase classname="in.redbus.base.TestBase" name="@AfterSuite generateReports" time="0.0">
    <ignored/>
  </testcase> <!-- @AfterSuite generateReports -->
</testsuite> <!-- RedBusTicket -->
