<?xml version="1.0" encoding="UTF-8"?>
<!-- Generated by org.testng.reporters.JUnitXMLReporter -->
<testsuite ignored="0" hostname="LAPTOP-OHJTUH5R" failures="0" tests="5" name="Default test" time="43.335" errors="0" timestamp="2023-12-23T11:10:03 IST">
  <testcase classname="com.app.medicare.testing.TestMedicare" name="Registration_Page" time="9.66"/>
  <testcase classname="com.app.medicare.testing.TestMedicare" name="AddToCart_Page" time="10.367"/>
  <testcase classname="com.app.medicare.testing.TestMedicare" name="PlaceOrder_Page" time="3.423"/>
  <testcase classname="com.app.medicare.testing.TestMedicare" name="SearchProduct_Page" time="0.983"/>
  <testcase classname="com.app.medicare.testing.TestMedicare" name="Filter_Page" time="6.143"/>
</testsuite> <!-- Default test -->
