<?xml version="1.0" encoding="UTF-8"?>
<testng-results ignored="0" total="1" passed="1" failed="0" skipped="0">
  <reporter-output>
  </reporter-output>
  <suite started-at="2023-11-20T15:10:58 IST" name="Default suite" finished-at="2023-11-20T15:10:59 IST" duration-ms="989">
    <groups>
    </groups>
    <test started-at="2023-11-20T15:10:58 IST" name="Default test" finished-at="2023-11-20T15:10:59 IST" duration-ms="989">
      <class name="com.app.ecommerce.Test.ECommerceApp">
        <test-method signature="testCheckStockAvailability()[pri:0, instance:com.app.ecommerce.Test.ECommerceApp@6892b3b6]" started-at="2023-11-20T15:10:58 IST" name="testCheckStockAvailability" finished-at="2023-11-20T15:10:59 IST" duration-ms="906" status="PASS">
          <reporter-output>
          </reporter-output>
        </test-method> <!-- testCheckStockAvailability -->
      </class> <!-- com.app.ecommerce.Test.ECommerceApp -->
    </test> <!-- Default test -->
  </suite> <!-- Default suite -->
</testng-results>
