<?xml version="1.0" encoding="UTF-8"?>
<testng-results ignored="0" total="6" passed="6" failed="0" skipped="0">
  <reporter-output>
  </reporter-output>
  <suite started-at="2023-12-23T11:25:28 IST" name="Default suite" finished-at="2023-12-23T11:25:34 IST" duration-ms="6543">
    <groups>
    </groups>
    <test started-at="2023-12-23T11:25:28 IST" name="Default test" finished-at="2023-12-23T11:25:34 IST" duration-ms="6543">
      <class name="medicarecapstone.in.GetMedicine">
        <test-method signature="add_Product()[pri:3, instance:medicarecapstone.in.GetMedicine@51e69659]" started-at="2023-12-23T11:25:28 IST" name="add_Product" finished-at="2023-12-23T11:25:34 IST" duration-ms="6115" status="PASS">
          <reporter-output>
          </reporter-output>
        </test-method> <!-- add_Product -->
        <test-method signature="update_ProductName()[pri:4, instance:medicarecapstone.in.GetMedicine@51e69659]" started-at="2023-12-23T11:25:34 IST" name="update_ProductName" finished-at="2023-12-23T11:25:34 IST" duration-ms="78" status="PASS">
          <reporter-output>
          </reporter-output>
        </test-method> <!-- update_ProductName -->
        <test-method signature="update_ProductStatus()[pri:5, instance:medicarecapstone.in.GetMedicine@51e69659]" started-at="2023-12-23T11:25:34 IST" name="update_ProductStatus" finished-at="2023-12-23T11:25:34 IST" duration-ms="62" status="PASS">
          <reporter-output>
          </reporter-output>
        </test-method> <!-- update_ProductStatus -->
        <test-method signature="deleteProduct()[pri:6, instance:medicarecapstone.in.GetMedicine@51e69659]" started-at="2023-12-23T11:25:34 IST" name="deleteProduct" finished-at="2023-12-23T11:25:34 IST" duration-ms="65" status="PASS">
          <reporter-output>
          </reporter-output>
        </test-method> <!-- deleteProduct -->
        <test-method signature="get_all_products()[pri:49, instance:medicarecapstone.in.GetMedicine@51e69659]" started-at="2023-12-23T11:25:34 IST" name="get_all_products" finished-at="2023-12-23T11:25:34 IST" duration-ms="50" status="PASS">
          <reporter-output>
          </reporter-output>
        </test-method> <!-- get_all_products -->
        <test-method signature="get_all_registered_users()[pri:50, instance:medicarecapstone.in.GetMedicine@51e69659]" started-at="2023-12-23T11:25:34 IST" name="get_all_registered_users" finished-at="2023-12-23T11:25:34 IST" duration-ms="25" status="PASS">
          <reporter-output>
          </reporter-output>
        </test-method> <!-- get_all_registered_users -->
      </class> <!-- medicarecapstone.in.GetMedicine -->
    </test> <!-- Default test -->
  </suite> <!-- Default suite -->
</testng-results>
