<?xml version="1.0" encoding="UTF-8"?>
<!-- Generated by org.testng.reporters.JUnitXMLReporter -->
<testsuite ignored="0" hostname="LAPTOP-OHJTUH5R" failures="0" tests="6" name="Default test" time="6.543" errors="0" timestamp="2023-12-23T11:25:34 IST">
  <testcase classname="medicarecapstone.in.GetMedicine" name="add_Product" time="6.115"/>
  <testcase classname="medicarecapstone.in.GetMedicine" name="update_ProductName" time="0.078"/>
  <testcase classname="medicarecapstone.in.GetMedicine" name="update_ProductStatus" time="0.062"/>
  <testcase classname="medicarecapstone.in.GetMedicine" name="deleteProduct" time="0.065"/>
  <testcase classname="medicarecapstone.in.GetMedicine" name="get_all_products" time="0.05"/>
  <testcase classname="medicarecapstone.in.GetMedicine" name="get_all_registered_users" time="0.025"/>
</testsuite> <!-- Default test -->
