<?xml version="1.0" encoding="UTF-8"?>
<testng-results ignored="0" total="5" passed="5" failed="0" skipped="0">
  <reporter-output>
  </reporter-output>
  <suite started-at="2023-12-23T11:09:19 IST" name="Default suite" finished-at="2023-12-23T11:10:02 IST" duration-ms="43335">
    <groups>
    </groups>
    <test started-at="2023-12-23T11:09:19 IST" name="Default test" finished-at="2023-12-23T11:10:02 IST" duration-ms="43335">
      <class name="com.app.medicare.testing.TestMedicare">
        <test-method is-config="true" signature="OpenApp()[pri:0, instance:com.app.medicare.testing.TestMedicare@72cc7e6f]" started-at="2023-12-23T11:09:19 IST" name="OpenApp" finished-at="2023-12-23T11:09:30 IST" duration-ms="11289" status="PASS">
          <reporter-output>
          </reporter-output>
        </test-method> <!-- OpenApp -->
        <test-method signature="Registration_Page()[pri:49, instance:com.app.medicare.testing.TestMedicare@72cc7e6f]" started-at="2023-12-23T11:09:31 IST" name="Registration_Page" finished-at="2023-12-23T11:09:40 IST" duration-ms="9660" status="PASS">
          <reporter-output>
          </reporter-output>
        </test-method> <!-- Registration_Page -->
        <test-method signature="AddToCart_Page()[pri:50, instance:com.app.medicare.testing.TestMedicare@72cc7e6f]" started-at="2023-12-23T11:09:40 IST" name="AddToCart_Page" finished-at="2023-12-23T11:09:51 IST" duration-ms="10367" status="PASS">
          <reporter-output>
          </reporter-output>
        </test-method> <!-- AddToCart_Page -->
        <test-method signature="PlaceOrder_Page()[pri:51, instance:com.app.medicare.testing.TestMedicare@72cc7e6f]" started-at="2023-12-23T11:09:51 IST" name="PlaceOrder_Page" finished-at="2023-12-23T11:09:54 IST" duration-ms="3423" status="PASS">
          <reporter-output>
          </reporter-output>
        </test-method> <!-- PlaceOrder_Page -->
        <test-method signature="SearchProduct_Page()[pri:52, instance:com.app.medicare.testing.TestMedicare@72cc7e6f]" started-at="2023-12-23T11:09:54 IST" name="SearchProduct_Page" finished-at="2023-12-23T11:09:55 IST" duration-ms="983" status="PASS">
          <reporter-output>
          </reporter-output>
        </test-method> <!-- SearchProduct_Page -->
        <test-method signature="Filter_Page()[pri:53, instance:com.app.medicare.testing.TestMedicare@72cc7e6f]" started-at="2023-12-23T11:09:55 IST" name="Filter_Page" finished-at="2023-12-23T11:10:01 IST" duration-ms="6143" status="PASS">
          <reporter-output>
          </reporter-output>
        </test-method> <!-- Filter_Page -->
        <test-method is-config="true" signature="CloseApp()[pri:0, instance:com.app.medicare.testing.TestMedicare@72cc7e6f]" started-at="2023-12-23T11:10:01 IST" name="CloseApp" finished-at="2023-12-23T11:10:02 IST" duration-ms="1350" status="PASS">
          <reporter-output>
          </reporter-output>
        </test-method> <!-- CloseApp -->
      </class> <!-- com.app.medicare.testing.TestMedicare -->
    </test> <!-- Default test -->
  </suite> <!-- Default suite -->
</testng-results>
